[INFO][20-03-13][com.myself.test.MybatisTest]info:进入了testLog4j
[DEBUG][20-03-13][com.myself.test.MybatisTest]debug:进入了testLog4j
[ERROR][20-03-13][com.myself.test.MybatisTest]error:进入了testLog4j
[DEBUG][20-03-13][org.apache.ibatis.logging.LogFactory]Logging initialized using 'class org.apache.ibatis.logging.log4j.Log4jImpl' adapter.
[DEBUG][20-03-13][org.apache.ibatis.logging.LogFactory]Logging initialized using 'class org.apache.ibatis.logging.log4j.Log4jImpl' adapter.
[DEBUG][20-03-13][org.apache.ibatis.datasource.pooled.PooledDataSource]PooledDataSource forcefully closed/removed all connections.
[DEBUG][20-03-13][org.apache.ibatis.datasource.pooled.PooledDataSource]PooledDataSource forcefully closed/removed all connections.
[DEBUG][20-03-13][org.apache.ibatis.datasource.pooled.PooledDataSource]PooledDataSource forcefully closed/removed all connections.
[DEBUG][20-03-13][org.apache.ibatis.datasource.pooled.PooledDataSource]PooledDataSource forcefully closed/removed all connections.
[DEBUG][20-03-13][org.apache.ibatis.logging.LogFactory]Logging initialized using 'class org.apache.ibatis.logging.log4j.Log4jImpl' adapter.
[DEBUG][20-03-13][org.apache.ibatis.logging.LogFactory]Logging initialized using 'class org.apache.ibatis.logging.log4j.Log4jImpl' adapter.
[DEBUG][20-03-13][org.apache.ibatis.datasource.pooled.PooledDataSource]PooledDataSource forcefully closed/removed all connections.
[DEBUG][20-03-13][org.apache.ibatis.datasource.pooled.PooledDataSource]PooledDataSource forcefully closed/removed all connections.
[DEBUG][20-03-13][org.apache.ibatis.datasource.pooled.PooledDataSource]PooledDataSource forcefully closed/removed all connections.
[DEBUG][20-03-13][org.apache.ibatis.datasource.pooled.PooledDataSource]PooledDataSource forcefully closed/removed all connections.
[DEBUG][20-03-13][org.apache.ibatis.logging.LogFactory]Logging initialized using 'class org.apache.ibatis.logging.log4j.Log4jImpl' adapter.
[DEBUG][20-03-13][org.apache.ibatis.logging.LogFactory]Logging initialized using 'class org.apache.ibatis.logging.log4j.Log4jImpl' adapter.
[DEBUG][20-03-13][org.apache.ibatis.datasource.pooled.PooledDataSource]PooledDataSource forcefully closed/removed all connections.
[DEBUG][20-03-13][org.apache.ibatis.datasource.pooled.PooledDataSource]PooledDataSource forcefully closed/removed all connections.
[DEBUG][20-03-13][org.apache.ibatis.datasource.pooled.PooledDataSource]PooledDataSource forcefully closed/removed all connections.
[DEBUG][20-03-13][org.apache.ibatis.datasource.pooled.PooledDataSource]PooledDataSource forcefully closed/removed all connections.
[DEBUG][20-03-13][org.apache.ibatis.transaction.jdbc.JdbcTransaction]Opening JDBC Connection
[DEBUG][20-03-13][org.apache.ibatis.datasource.pooled.PooledDataSource]Created connection 249155636.
[DEBUG][20-03-13][org.apache.ibatis.transaction.jdbc.JdbcTransaction]Setting autocommit to false on JDBC Connection [com.mysql.jdbc.JDBC4Connection@ed9d034]
[DEBUG][20-03-13][com.myself.Dao.IUserDao.getUserByLimit]==>  Preparing: select * from USER limit ?,? 
[DEBUG][20-03-13][com.myself.Dao.IUserDao.getUserByLimit]==> Parameters: 0(Integer), 2(Integer)
[DEBUG][20-03-13][com.myself.Dao.IUserDao.getUserByLimit]<==      Total: 2
[DEBUG][20-03-13][org.apache.ibatis.transaction.jdbc.JdbcTransaction]Resetting autocommit to true on JDBC Connection [com.mysql.jdbc.JDBC4Connection@ed9d034]
[DEBUG][20-03-13][org.apache.ibatis.transaction.jdbc.JdbcTransaction]Closing JDBC Connection [com.mysql.jdbc.JDBC4Connection@ed9d034]
[DEBUG][20-03-13][org.apache.ibatis.datasource.pooled.PooledDataSource]Returned connection 249155636 to pool.
[DEBUG][20-03-13][org.apache.ibatis.logging.LogFactory]Logging initialized using 'class org.apache.ibatis.logging.log4j.Log4jImpl' adapter.
[DEBUG][20-03-13][org.apache.ibatis.logging.LogFactory]Logging initialized using 'class org.apache.ibatis.logging.log4j.Log4jImpl' adapter.
[DEBUG][20-03-13][org.apache.ibatis.datasource.pooled.PooledDataSource]PooledDataSource forcefully closed/removed all connections.
[DEBUG][20-03-13][org.apache.ibatis.datasource.pooled.PooledDataSource]PooledDataSource forcefully closed/removed all connections.
[DEBUG][20-03-13][org.apache.ibatis.datasource.pooled.PooledDataSource]PooledDataSource forcefully closed/removed all connections.
[DEBUG][20-03-13][org.apache.ibatis.datasource.pooled.PooledDataSource]PooledDataSource forcefully closed/removed all connections.
[DEBUG][20-03-13][org.apache.ibatis.transaction.jdbc.JdbcTransaction]Opening JDBC Connection
[DEBUG][20-03-13][org.apache.ibatis.datasource.pooled.PooledDataSource]Created connection 249155636.
[DEBUG][20-03-13][org.apache.ibatis.transaction.jdbc.JdbcTransaction]Setting autocommit to false on JDBC Connection [com.mysql.jdbc.JDBC4Connection@ed9d034]
[DEBUG][20-03-13][com.myself.Dao.IUserDao.getUserByLimit]==>  Preparing: select * from USER limit ?,? 
[DEBUG][20-03-13][com.myself.Dao.IUserDao.getUserByLimit]==> Parameters: 0(Integer), 2(Integer)
[DEBUG][20-03-13][com.myself.Dao.IUserDao.getUserByLimit]<==      Total: 2
[DEBUG][20-03-13][org.apache.ibatis.transaction.jdbc.JdbcTransaction]Resetting autocommit to true on JDBC Connection [com.mysql.jdbc.JDBC4Connection@ed9d034]
[DEBUG][20-03-13][org.apache.ibatis.transaction.jdbc.JdbcTransaction]Closing JDBC Connection [com.mysql.jdbc.JDBC4Connection@ed9d034]
[DEBUG][20-03-13][org.apache.ibatis.datasource.pooled.PooledDataSource]Returned connection 249155636 to pool.
[DEBUG][20-03-13][org.apache.ibatis.logging.LogFactory]Logging initialized using 'class org.apache.ibatis.logging.log4j.Log4jImpl' adapter.
[DEBUG][20-03-13][org.apache.ibatis.logging.LogFactory]Logging initialized using 'class org.apache.ibatis.logging.log4j.Log4jImpl' adapter.
[DEBUG][20-03-13][org.apache.ibatis.datasource.pooled.PooledDataSource]PooledDataSource forcefully closed/removed all connections.
[DEBUG][20-03-13][org.apache.ibatis.datasource.pooled.PooledDataSource]PooledDataSource forcefully closed/removed all connections.
[DEBUG][20-03-13][org.apache.ibatis.datasource.pooled.PooledDataSource]PooledDataSource forcefully closed/removed all connections.
[DEBUG][20-03-13][org.apache.ibatis.datasource.pooled.PooledDataSource]PooledDataSource forcefully closed/removed all connections.
[DEBUG][20-03-13][org.apache.ibatis.logging.LogFactory]Logging initialized using 'class org.apache.ibatis.logging.log4j.Log4jImpl' adapter.
[DEBUG][20-03-13][org.apache.ibatis.logging.LogFactory]Logging initialized using 'class org.apache.ibatis.logging.log4j.Log4jImpl' adapter.
[DEBUG][20-03-13][org.apache.ibatis.datasource.pooled.PooledDataSource]PooledDataSource forcefully closed/removed all connections.
[DEBUG][20-03-13][org.apache.ibatis.datasource.pooled.PooledDataSource]PooledDataSource forcefully closed/removed all connections.
[DEBUG][20-03-13][org.apache.ibatis.datasource.pooled.PooledDataSource]PooledDataSource forcefully closed/removed all connections.
[DEBUG][20-03-13][org.apache.ibatis.datasource.pooled.PooledDataSource]PooledDataSource forcefully closed/removed all connections.
[DEBUG][20-03-13][org.apache.ibatis.transaction.jdbc.JdbcTransaction]Opening JDBC Connection
[DEBUG][20-03-13][org.apache.ibatis.datasource.pooled.PooledDataSource]Created connection 1188753216.
[DEBUG][20-03-13][org.apache.ibatis.transaction.jdbc.JdbcTransaction]Setting autocommit to false on JDBC Connection [com.mysql.jdbc.JDBC4Connection@46daef40]
[DEBUG][20-03-13][com.myself.Dao.IUserDao.getUserByRowBounds]==>  Preparing: select * from USER ; 
[DEBUG][20-03-13][com.myself.Dao.IUserDao.getUserByRowBounds]==> Parameters: 
[DEBUG][20-03-13][com.myself.Dao.IUserDao.getUserByRowBounds]<==      Total: 4
[DEBUG][20-03-13][org.apache.ibatis.transaction.jdbc.JdbcTransaction]Resetting autocommit to true on JDBC Connection [com.mysql.jdbc.JDBC4Connection@46daef40]
[DEBUG][20-03-13][org.apache.ibatis.transaction.jdbc.JdbcTransaction]Closing JDBC Connection [com.mysql.jdbc.JDBC4Connection@46daef40]
[DEBUG][20-03-13][org.apache.ibatis.datasource.pooled.PooledDataSource]Returned connection 1188753216 to pool.
[DEBUG][20-03-13][org.apache.ibatis.logging.LogFactory]Logging initialized using 'class org.apache.ibatis.logging.log4j.Log4jImpl' adapter.
[DEBUG][20-03-13][org.apache.ibatis.logging.LogFactory]Logging initialized using 'class org.apache.ibatis.logging.log4j.Log4jImpl' adapter.
[DEBUG][20-03-13][org.apache.ibatis.datasource.pooled.PooledDataSource]PooledDataSource forcefully closed/removed all connections.
[DEBUG][20-03-13][org.apache.ibatis.datasource.pooled.PooledDataSource]PooledDataSource forcefully closed/removed all connections.
[DEBUG][20-03-13][org.apache.ibatis.datasource.pooled.PooledDataSource]PooledDataSource forcefully closed/removed all connections.
[DEBUG][20-03-13][org.apache.ibatis.datasource.pooled.PooledDataSource]PooledDataSource forcefully closed/removed all connections.
[DEBUG][20-03-13][org.apache.ibatis.transaction.jdbc.JdbcTransaction]Opening JDBC Connection
[DEBUG][20-03-13][org.apache.ibatis.datasource.pooled.PooledDataSource]Created connection 1188753216.
[DEBUG][20-03-13][org.apache.ibatis.transaction.jdbc.JdbcTransaction]Setting autocommit to false on JDBC Connection [com.mysql.jdbc.JDBC4Connection@46daef40]
[DEBUG][20-03-13][com.myself.Dao.IUserDao.getUserByRowBounds]==>  Preparing: select * from USER ; 
[DEBUG][20-03-13][com.myself.Dao.IUserDao.getUserByRowBounds]==> Parameters: 
[DEBUG][20-03-13][org.apache.ibatis.transaction.jdbc.JdbcTransaction]Resetting autocommit to true on JDBC Connection [com.mysql.jdbc.JDBC4Connection@46daef40]
[DEBUG][20-03-13][org.apache.ibatis.transaction.jdbc.JdbcTransaction]Closing JDBC Connection [com.mysql.jdbc.JDBC4Connection@46daef40]
[DEBUG][20-03-13][org.apache.ibatis.datasource.pooled.PooledDataSource]Returned connection 1188753216 to pool.
[DEBUG][20-03-18][org.apache.ibatis.logging.LogFactory]Logging initialized using 'class org.apache.ibatis.logging.log4j.Log4jImpl' adapter.
[DEBUG][20-03-18][org.apache.ibatis.logging.LogFactory]Logging initialized using 'class org.apache.ibatis.logging.log4j.Log4jImpl' adapter.
[DEBUG][20-03-18][org.apache.ibatis.datasource.pooled.PooledDataSource]PooledDataSource forcefully closed/removed all connections.
[DEBUG][20-03-18][org.apache.ibatis.datasource.pooled.PooledDataSource]PooledDataSource forcefully closed/removed all connections.
[DEBUG][20-03-18][org.apache.ibatis.datasource.pooled.PooledDataSource]PooledDataSource forcefully closed/removed all connections.
[DEBUG][20-03-18][org.apache.ibatis.datasource.pooled.PooledDataSource]PooledDataSource forcefully closed/removed all connections.
[DEBUG][20-03-18][org.apache.ibatis.transaction.jdbc.JdbcTransaction]Opening JDBC Connection
[DEBUG][20-03-18][org.apache.ibatis.datasource.pooled.PooledDataSource]Created connection 249155636.
[DEBUG][20-03-18][org.apache.ibatis.transaction.jdbc.JdbcTransaction]Setting autocommit to false on JDBC Connection [com.mysql.jdbc.JDBC4Connection@ed9d034]
[DEBUG][20-03-18][com.myself.Dao.IUserDao.getUserByLimit]==>  Preparing: select * from USER limit ?,? 
[DEBUG][20-03-18][com.myself.Dao.IUserDao.getUserByLimit]==> Parameters: null, null
[DEBUG][20-03-18][org.apache.ibatis.logging.LogFactory]Logging initialized using 'class org.apache.ibatis.logging.log4j.Log4jImpl' adapter.
[DEBUG][20-03-18][org.apache.ibatis.logging.LogFactory]Logging initialized using 'class org.apache.ibatis.logging.log4j.Log4jImpl' adapter.
[DEBUG][20-03-18][org.apache.ibatis.datasource.pooled.PooledDataSource]PooledDataSource forcefully closed/removed all connections.
[DEBUG][20-03-18][org.apache.ibatis.datasource.pooled.PooledDataSource]PooledDataSource forcefully closed/removed all connections.
[DEBUG][20-03-18][org.apache.ibatis.datasource.pooled.PooledDataSource]PooledDataSource forcefully closed/removed all connections.
[DEBUG][20-03-18][org.apache.ibatis.datasource.pooled.PooledDataSource]PooledDataSource forcefully closed/removed all connections.
[DEBUG][20-03-18][org.apache.ibatis.transaction.jdbc.JdbcTransaction]Opening JDBC Connection
[DEBUG][20-03-18][org.apache.ibatis.datasource.pooled.PooledDataSource]Created connection 249155636.
[DEBUG][20-03-18][org.apache.ibatis.transaction.jdbc.JdbcTransaction]Setting autocommit to false on JDBC Connection [com.mysql.jdbc.JDBC4Connection@ed9d034]
[DEBUG][20-03-18][com.myself.Dao.IUserDao.getUserByLimit]==>  Preparing: select * from USER limit ?,? 
[DEBUG][20-03-18][com.myself.Dao.IUserDao.getUserByLimit]==> Parameters: 0(Integer), 2(Integer)
[DEBUG][20-03-18][com.myself.Dao.IUserDao.getUserByLimit]<==      Total: 2
[DEBUG][20-03-18][org.apache.ibatis.transaction.jdbc.JdbcTransaction]Resetting autocommit to true on JDBC Connection [com.mysql.jdbc.JDBC4Connection@ed9d034]
[DEBUG][20-03-18][org.apache.ibatis.transaction.jdbc.JdbcTransaction]Closing JDBC Connection [com.mysql.jdbc.JDBC4Connection@ed9d034]
[DEBUG][20-03-18][org.apache.ibatis.datasource.pooled.PooledDataSource]Returned connection 249155636 to pool.
[DEBUG][20-03-18][org.apache.ibatis.logging.LogFactory]Logging initialized using 'class org.apache.ibatis.logging.log4j.Log4jImpl' adapter.
[DEBUG][20-03-18][org.apache.ibatis.logging.LogFactory]Logging initialized using 'class org.apache.ibatis.logging.log4j.Log4jImpl' adapter.
[DEBUG][20-03-18][org.apache.ibatis.datasource.pooled.PooledDataSource]PooledDataSource forcefully closed/removed all connections.
[DEBUG][20-03-18][org.apache.ibatis.datasource.pooled.PooledDataSource]PooledDataSource forcefully closed/removed all connections.
[DEBUG][20-03-18][org.apache.ibatis.datasource.pooled.PooledDataSource]PooledDataSource forcefully closed/removed all connections.
[DEBUG][20-03-18][org.apache.ibatis.datasource.pooled.PooledDataSource]PooledDataSource forcefully closed/removed all connections.
[DEBUG][20-03-18][org.apache.ibatis.transaction.jdbc.JdbcTransaction]Opening JDBC Connection
[DEBUG][20-03-18][org.apache.ibatis.datasource.pooled.PooledDataSource]Created connection 249155636.
[DEBUG][20-03-18][org.apache.ibatis.transaction.jdbc.JdbcTransaction]Setting autocommit to false on JDBC Connection [com.mysql.jdbc.JDBC4Connection@ed9d034]
[DEBUG][20-03-18][com.myself.Dao.IUserDao.getUserByLimit]==>  Preparing: select * from USER limit ?,? 
[DEBUG][20-03-18][com.myself.Dao.IUserDao.getUserByLimit]==> Parameters: null, 2(Integer)
